2025-07-18T15:20:41+08:00 POST: Array
(
)
2025-07-18T15:20:52+08:00 POST: Array
(
    [selected_user_ids] => Array
        (
            [0] => 42
            [1] => 37
            [2] => 38
            [3] => 39
            [4] => 40
            [5] => 41
            [6] => 22
            [7] => 23
            [8] => 24
            [9] => 25
        )

)
2025-07-18T15:21:35+08:00 POST: Array
(
)
2025-07-18T15:21:40+08:00 POST: Array
(
    [selected_user_ids] => Array
        (
            [0] => 42
            [1] => 37
            [2] => 38
            [3] => 39
            [4] => 40
            [5] => 41
            [6] => 22
            [7] => 23
            [8] => 24
            [9] => 25
        )

)
